checking file include/pci_ids/radeonsi_pci_ids.h
Reversed (or previously applied) patch detected!  Assume -R? [n] 
Apply anyway? [n] 
Skipping patch.
1 out of 1 hunk ignored
checking file src/amd/addrlib/src/amdgpu_asic_addr.h
Reversed (or previously applied) patch detected!  Assume -R? [n] 
Apply anyway? [n] 
Skipping patch.
2 out of 2 hunks ignored
checking file src/amd/common/ac_gpu_info.c
Reversed (or previously applied) patch detected!  Assume -R? [n] 
Apply anyway? [n] 
Skipping patch.
4 out of 4 hunks ignored
checking file src/amd/common/amd_family.c
Reversed (or previously applied) patch detected!  Assume -R? [n] 
Apply anyway? [n] 
Skipping patch.
3 out of 3 hunks ignored
checking file src/amd/common/amd_family.h
Reversed (or previously applied) patch detected!  Assume -R? [n] 
Apply anyway? [n] 
Skipping patch.
1 out of 1 hunk ignored
checking file src/amd/vulkan/meta/radv_meta_fast_clear.c
Reversed (or previously applied) patch detected!  Assume -R? [n] 
Apply anyway? [n] 
Skipping patch.
1 out of 1 hunk ignored
checking file src/amd/vulkan/winsys/null/radv_null_winsys.c
Reversed (or previously applied) patch detected!  Assume -R? [n] 
Apply anyway? [n] 
Skipping patch.
1 out of 1 hunk ignored
checking file src/gallium/winsys/radeon/drm/radeon_drm_winsys.c
Reversed (or previously applied) patch detected!  Assume -R? [n] 
Apply anyway? [n] 
Skipping patch.
4 out of 4 hunks ignored
checking file src/gallium/winsys/radeon/drm/radeon_surface.c
Reversed (or previously applied) patch detected!  Assume -R? [n] 
Apply anyway? [n] 
Skipping patch.
1 out of 1 hunk ignored
